<?xml version="1.0" encoding="UTF-8"?>
<!-- Generated by org.testng.reporters.JUnitReportReporter -->
<testsuite hostname="LAPTOP-DOBLN3AU" failures="0" tests="1" name="com.qa.TestNGAssertionsDemo.SoftAssertionDemo" time="0.017" errors="0" timestamp="2021-10-19T14:34:53 IST" skipped="0">
  <testcase classname="com.qa.TestNGAssertionsDemo.SoftAssertionDemo" name="titleValidate" time="0.017"/>
  <system-out/>
</testsuite> <!-- com.qa.TestNGAssertionsDemo.SoftAssertionDemo -->
