<?xml version="1.0" encoding="UTF-8"?>
<!-- Generated by org.testng.reporters.JUnitReportReporter -->
<testsuite hostname="LAPTOP-DOBLN3AU" failures="0" tests="4" name="com.qa.testNGScripts.Annotations3" time="0.003" errors="0" timestamp="2021-10-18T16:51:20 IST" skipped="0">
  <testcase classname="com.qa.testNGScripts.Annotations3" name="CreateEmail" time="0.001"/>
  <system-out/>
  <testcase classname="com.qa.testNGScripts.Annotations3" name="ModifyEmail" time="0.001"/>
  <system-out/>
  <testcase classname="com.qa.testNGScripts.Annotations3" name="DeleteEmail" time="0.000"/>
  <system-out/>
  <testcase classname="com.qa.testNGScripts.Annotations3" name="login" time="0.001"/>
  <system-out/>
</testsuite> <!-- com.qa.testNGScripts.Annotations3 -->
