<?xml version="1.0" encoding="UTF-8"?>
<!-- Generated by org.testng.reporters.JUnitReportReporter -->
<testsuite hostname="LAPTOP-DOBLN3AU" failures="0" tests="3" name="com.qa.testNGScripts.Annotations" time="0.013" errors="0" timestamp="2021-10-18T15:20:36 IST" skipped="0">
  <testcase classname="com.qa.testNGScripts.Annotations" name="testLogin" time="0.009"/>
  <system-out/>
  <testcase classname="com.qa.testNGScripts.Annotations" name="testCreateemail" time="0.001"/>
  <system-out/>
  <testcase classname="com.qa.testNGScripts.Annotations" name="Aeleteemail" time="0.003"/>
  <system-out/>
</testsuite> <!-- com.qa.testNGScripts.Annotations -->
