<?xml version="1.0" encoding="UTF-8"?>
<!-- Generated by org.testng.reporters.JUnitReportReporter -->
<testsuite hostname="LAPTOP-DOBLN3AU" failures="0" tests="19" name="com.qa.testNgParameters.DataDrivenTesting" time="17.121" errors="0" timestamp="2021-10-19T16:57:27 IST" skipped="0">
  <testcase classname="com.qa.testNgParameters.DataDrivenTesting" name="createAccount" time="1.161"/>
  <system-out/>
  <testcase classname="com.qa.testNgParameters.DataDrivenTesting" name="createAccount" time="0.866"/>
  <system-out/>
  <testcase classname="com.qa.testNgParameters.DataDrivenTesting" name="createAccount" time="1.168"/>
  <system-out/>
  <testcase classname="com.qa.testNgParameters.DataDrivenTesting" name="createAccount" time="1.031"/>
  <system-out/>
  <testcase classname="com.qa.testNgParameters.DataDrivenTesting" name="createAccount" time="0.976"/>
  <system-out/>
  <testcase classname="com.qa.testNgParameters.DataDrivenTesting" name="createAccount" time="1.053"/>
  <system-out/>
  <testcase classname="com.qa.testNgParameters.DataDrivenTesting" name="createAccount" time="1.020"/>
  <system-out/>
  <testcase classname="com.qa.testNgParameters.DataDrivenTesting" name="createAccount" time="0.920"/>
  <system-out/>
  <testcase classname="com.qa.testNgParameters.DataDrivenTesting" name="createAccount" time="0.975"/>
  <system-out/>
  <testcase classname="com.qa.testNgParameters.DataDrivenTesting" name="createAccount" time="0.788"/>
  <system-out/>
  <testcase classname="com.qa.testNgParameters.DataDrivenTesting" name="createAccount" time="1.006"/>
  <system-out/>
  <testcase classname="com.qa.testNgParameters.DataDrivenTesting" name="createAccount" time="0.697"/>
  <system-out/>
  <testcase classname="com.qa.testNgParameters.DataDrivenTesting" name="createAccount" time="0.817"/>
  <system-out/>
  <testcase classname="com.qa.testNgParameters.DataDrivenTesting" name="createAccount" time="0.824"/>
  <system-out/>
  <testcase classname="com.qa.testNgParameters.DataDrivenTesting" name="createAccount" time="0.696"/>
  <system-out/>
  <testcase classname="com.qa.testNgParameters.DataDrivenTesting" name="createAccount" time="0.708"/>
  <system-out/>
  <testcase classname="com.qa.testNgParameters.DataDrivenTesting" name="createAccount" time="1.022"/>
  <system-out/>
  <testcase classname="com.qa.testNgParameters.DataDrivenTesting" name="createAccount" time="0.719"/>
  <system-out/>
  <testcase classname="com.qa.testNgParameters.DataDrivenTesting" name="createAccount" time="0.674"/>
  <system-out/>
</testsuite> <!-- com.qa.testNgParameters.DataDrivenTesting -->
