<?xml version="1.0" encoding="UTF-8"?>
<!-- Generated by org.testng.reporters.JUnitReportReporter -->
<testsuite hostname="LAPTOP-DOBLN3AU" failures="0" tests="1" name="com.qa.testNgParameters.ParameterXMLDemo" time="2.620" errors="0" timestamp="2021-10-19T17:23:12 IST" skipped="0">
  <testcase classname="com.qa.testNgParameters.ParameterXMLDemo" name="TestDataDemo" time="2.620"/>
  <system-out/>
</testsuite> <!-- com.qa.testNgParameters.ParameterXMLDemo -->
