<?xml version="1.0" encoding="UTF-8"?>
<!-- Generated by org.testng.reporters.JUnitReportReporter -->
<testsuite hostname="LAPTOP-DOBLN3AU" failures="0" tests="3" name="com.qa.testNGScripts.Annotations5" time="0.010" errors="0" timestamp="2021-10-18T16:51:20 IST" skipped="0">
  <testcase classname="com.qa.testNGScripts.Annotations5" name="testcase2" time="0.004"/>
  <system-out/>
  <testcase classname="com.qa.testNGScripts.Annotations5" name="testcase3" time="0.002"/>
  <system-out/>
  <testcase classname="com.qa.testNGScripts.Annotations5" name="testcase1" time="0.004"/>
  <system-out/>
</testsuite> <!-- com.qa.testNGScripts.Annotations5 -->
