<?xml version="1.0" encoding="UTF-8"?>
<!-- Generated by org.testng.reporters.JUnitReportReporter -->
<testsuite hostname="LAPTOP-DOBLN3AU" failures="0" tests="2" name="com.qa.testNGScripts.TestNGSeleniumScript" time="9.450" errors="0" timestamp="2021-10-18T17:41:05 IST" skipped="0">
  <testcase classname="com.qa.testNGScripts.TestNGSeleniumScript" name="TestWikiHomePage" time="4.216"/>
  <system-out/>
  <testcase classname="com.qa.testNGScripts.TestNGSeleniumScript" name="testmainpage" time="5.234"/>
  <system-out/>
</testsuite> <!-- com.qa.testNGScripts.TestNGSeleniumScript -->
