<?xml version="1.0" encoding="UTF-8"?>
<!-- Generated by org.testng.reporters.JUnitReportReporter -->
<testsuite hostname="LAPTOP-DOBLN3AU" failures="0" tests="2" name="com.qa.testNGScripts.Annotation2" time="0.010" errors="0" timestamp="2021-10-18T16:23:00 IST" skipped="0">
  <testcase classname="com.qa.testNGScripts.Annotation2" name="testcase1" time="0.008"/>
  <system-out/>
  <testcase classname="com.qa.testNGScripts.Annotation2" name="testcase2" time="0.002"/>
  <system-out/>
</testsuite> <!-- com.qa.testNGScripts.Annotation2 -->
