<?xml version="1.0" encoding="UTF-8"?>
<!-- Generated by org.testng.reporters.JUnitReportReporter -->
<testsuite hostname="LAPTOP-DOBLN3AU" failures="0" tests="2" name="com.qa.testNGScripts.TestNGSeleniumScript2" time="1.109" errors="0" timestamp="2021-10-18T17:41:05 IST" skipped="0">
  <testcase classname="com.qa.testNGScripts.TestNGSeleniumScript2" name="TestCreateAccount" time="1.010"/>
  <system-out/>
  <testcase classname="com.qa.testNGScripts.TestNGSeleniumScript2" name="AccountTest" time="0.099"/>
  <system-out/>
</testsuite> <!-- com.qa.testNGScripts.TestNGSeleniumScript2 -->
