<?xml version="1.0" encoding="UTF-8"?>
<!-- Generated by org.testng.reporters.JUnitReportReporter -->
<testsuite hostname="LAPTOP-DOBLN3AU" failures="0" tests="1" name="com.qa.testNGScripts.Annotations6" time="0.001" errors="0" timestamp="2021-10-18T16:51:20 IST" skipped="0">
  <testcase classname="com.qa.testNGScripts.Annotations6" name="tool1" time="0.001"/>
  <system-out/>
</testsuite> <!-- com.qa.testNGScripts.Annotations6 -->
